2021-02-19 20:13:34 844  [main] INFO  com.db.Application - Starting Application on LAPTOP-MFNSTBR9 with PID 15032 (C:\Users\14286\Desktop\netdisk (2)\netdisk\target\classes started by 14286 in C:\Users\14286\Desktop\netdisk (2)\netdisk)
2021-02-19 20:13:34 848  [main] INFO  com.db.Application - No active profile set, falling back to default profiles: default
2021-02-19 20:13:34 1635 [main] WARN  o.m.s.mapper.ClassPathMapperScanner - Skipping MapperFactoryBean with name 'adminMapper' and 'com.db.mapper.AdminMapper' mapperInterface. Bean already defined with the same name!
2021-02-19 20:13:34 1635 [main] WARN  o.m.s.mapper.ClassPathMapperScanner - Skipping MapperFactoryBean with name 'deptMapper' and 'com.db.mapper.DeptMapper' mapperInterface. Bean already defined with the same name!
2021-02-19 20:13:34 1635 [main] WARN  o.m.s.mapper.ClassPathMapperScanner - Skipping MapperFactoryBean with name 'deptTreeMapper' and 'com.db.mapper.DeptTreeMapper' mapperInterface. Bean already defined with the same name!
2021-02-19 20:13:34 1635 [main] WARN  o.m.s.mapper.ClassPathMapperScanner - Skipping MapperFactoryBean with name 'fileMapper' and 'com.db.mapper.FileMapper' mapperInterface. Bean already defined with the same name!
2021-02-19 20:13:34 1635 [main] WARN  o.m.s.mapper.ClassPathMapperScanner - Skipping MapperFactoryBean with name 'folderMapper' and 'com.db.mapper.FolderMapper' mapperInterface. Bean already defined with the same name!
2021-02-19 20:13:34 1635 [main] WARN  o.m.s.mapper.ClassPathMapperScanner - Skipping MapperFactoryBean with name 'userMapper' and 'com.db.mapper.UserMapper' mapperInterface. Bean already defined with the same name!
2021-02-19 20:13:34 1641 [main] WARN  o.m.s.mapper.ClassPathMapperScanner - No MyBatis mapper was found in '[com.db.mapper]' package. Please check your configuration.
2021-02-19 20:13:35 2097 [main] INFO  o.s.b.w.e.tomcat.TomcatWebServer - Tomcat initialized with port(s): 8084 (http)
2021-02-19 20:13:35 2107 [main] INFO  o.a.coyote.http11.Http11NioProtocol - Initializing ProtocolHandler ["http-nio-8084"]
2021-02-19 20:13:35 2107 [main] INFO  o.a.catalina.core.StandardService - Starting service [Tomcat]
2021-02-19 20:13:35 2107 [main] INFO  o.a.catalina.core.StandardEngine - Starting Servlet engine: [Apache Tomcat/9.0.39]
2021-02-19 20:13:35 2228 [main] INFO  o.a.c.c.C.[.[localhost].[/netdisk] - Initializing Spring embedded WebApplicationContext
2021-02-19 20:13:35 2228 [main] INFO  o.s.b.w.s.c.ServletWebServerApplicationContext - Root WebApplicationContext: initialization completed in 1312 ms
2021-02-19 20:13:35 2315 [main] INFO  c.a.d.s.b.a.DruidDataSourceAutoConfigure - Init DruidDataSource
2021-02-19 20:13:35 2408 [main] INFO  c.a.druid.pool.DruidDataSource - {dataSource-1} inited
2021-02-19 20:13:36 2940 [main] INFO  o.s.s.c.ThreadPoolTaskExecutor - Initializing ExecutorService 'applicationTaskExecutor'
2021-02-19 20:13:36 3010 [main] INFO  o.s.b.a.w.s.WelcomePageHandlerMapping - Adding welcome page template: index
2021-02-19 20:13:36 3181 [main] INFO  o.a.coyote.http11.Http11NioProtocol - Starting ProtocolHandler ["http-nio-8084"]
2021-02-19 20:13:36 3211 [main] INFO  o.s.b.w.e.tomcat.TomcatWebServer - Tomcat started on port(s): 8084 (http) with context path '/netdisk'
2021-02-19 20:13:36 3233 [main] INFO  com.db.Application - Started Application in 2.84 seconds (JVM running for 4.018)
